<?xml version="1.0" encoding="UTF-8"?>
<!-- Generated by org.testng.reporters.JUnitXMLReporter -->
<testsuite ignored="0" hostname="AMRITESHs-MacBook-Air.local" failures="0" tests="1" name="Linux-edge" time="8.849" errors="0" timestamp="2025-04-29T21:08:15 IST">
  <testcase classname="testBase.BaseClass" name="@BeforeClass setUp" time="8.524">
    <failure type="org.openqa.selenium.SessionNotCreatedException" message="Could not start a new session. Response code 500. Message: Could not start a new session. Could not start a new session. Error while creating session with the driver service. Stopping driver service: Could not start a new session. Response code 500. Message: session not created: probably user data directory is already in use, please specify a unique value for --user-data-dir argument, or don&amp;apos;t use --user-data-dir 
Host info: host: &amp;apos;1b12a21f4b76&amp;apos;, ip: &amp;apos;172.18.0.5&amp;apos;
Build info: version: &amp;apos;4.31.0&amp;apos;, revision: &amp;apos;4ae8fc9f8a&amp;apos;
System info: os.name: &amp;apos;Linux&amp;apos;, os.arch: &amp;apos;amd64&amp;apos;, os.version: &amp;apos;6.10.14-linuxkit&amp;apos;, java.version: &amp;apos;21.0.6&amp;apos;
Driver info: driver.version: unknown
Build info: version: &amp;apos;4.31.0&amp;apos;, revision: &amp;apos;4ae8fc9f8a&amp;apos;
System info: os.name: &amp;apos;Linux&amp;apos;, os.arch: &amp;apos;amd64&amp;apos;, os.version: &amp;apos;6.10.14-linuxkit&amp;apos;, java.version: &amp;apos;21.0.6&amp;apos;
Driver info: driver.version: unknown
Build info: version: &amp;apos;4.31.0&amp;apos;, revision: &amp;apos;4ae8fc9f8a&amp;apos;
System info: os.name: &amp;apos;Linux&amp;apos;, os.arch: &amp;apos;aarch64&amp;apos;, os.version: &amp;apos;6.10.14-linuxkit&amp;apos;, java.version: &amp;apos;21.0.6&amp;apos;
Driver info: driver.version: unknown
Build info: version: &amp;apos;4.31.0&amp;apos;, revision: &amp;apos;1ef9f18787*&amp;apos;
System info: os.name: &amp;apos;Mac OS X&amp;apos;, os.arch: &amp;apos;x86_64&amp;apos;, os.version: &amp;apos;12.3&amp;apos;, java.version: &amp;apos;22.0.2&amp;apos;
Driver info: org.openqa.selenium.remote.RemoteWebDriver
Command: [null, newSession {capabilities=[Capabilities {browserName: MicrosoftEdge, platformName: linux}]}]
Capabilities {browserName: MicrosoftEdge, platformName: linux}">
      <![CDATA[org.openqa.selenium.SessionNotCreatedException: Could not start a new session. Response code 500. Message: Could not start a new session. Could not start a new session. Error while creating session with the driver service. Stopping driver service: Could not start a new session. Response code 500. Message: session not created: probably user data directory is already in use, please specify a unique value for --user-data-dir argument, or don't use --user-data-dir 
Host info: host: '1b12a21f4b76', ip: '172.18.0.5'
Build info: version: '4.31.0', revision: '4ae8fc9f8a'
System info: os.name: 'Linux', os.arch: 'amd64', os.version: '6.10.14-linuxkit', java.version: '21.0.6'
Driver info: driver.version: unknown
Build info: version: '4.31.0', revision: '4ae8fc9f8a'
System info: os.name: 'Linux', os.arch: 'amd64', os.version: '6.10.14-linuxkit', java.version: '21.0.6'
Driver info: driver.version: unknown
Build info: version: '4.31.0', revision: '4ae8fc9f8a'
System info: os.name: 'Linux', os.arch: 'aarch64', os.version: '6.10.14-linuxkit', java.version: '21.0.6'
Driver info: driver.version: unknown
Build info: version: '4.31.0', revision: '1ef9f18787*'
System info: os.name: 'Mac OS X', os.arch: 'x86_64', os.version: '12.3', java.version: '22.0.2'
Driver info: org.openqa.selenium.remote.RemoteWebDriver
Command: [null, newSession {capabilities=[Capabilities {browserName: MicrosoftEdge, platformName: linux}]}]
Capabilities {browserName: MicrosoftEdge, platformName: linux}
at org.openqa.selenium.remote.ProtocolHandshake.createSession(ProtocolHandshake.java:114)
at org.openqa.selenium.remote.ProtocolHandshake.createSession(ProtocolHandshake.java:75)
at org.openqa.selenium.remote.ProtocolHandshake.createSession(ProtocolHandshake.java:61)
at org.openqa.selenium.remote.HttpCommandExecutor.execute(HttpCommandExecutor.java:187)
at org.openqa.selenium.remote.TracedCommandExecutor.execute(TracedCommandExecutor.java:53)
at org.openqa.selenium.remote.RemoteWebDriver.execute(RemoteWebDriver.java:545)
at org.openqa.selenium.remote.RemoteWebDriver.startSession(RemoteWebDriver.java:245)
at org.openqa.selenium.remote.RemoteWebDriver.<init>(RemoteWebDriver.java:174)
at org.openqa.selenium.remote.RemoteWebDriver.<init>(RemoteWebDriver.java:152)
at testBase.BaseClass.setUp(BaseClass.java:80)
at java.base/java.util.ArrayList.forEach(ArrayList.java:1597)
... Removed 23 stack frames]]>
    </failure>
  </testcase> <!-- @BeforeClass setUp -->
  <testcase classname="testBase.BaseClass" name="@AfterClass teardown" time="0.0">
    <skipped/>
  </testcase> <!-- @AfterClass teardown -->
  <testcase classname="testCases.TC001_AccountRegistrationTest" name="verify_Account_Registration" time="0.0">
    <skipped/>
  </testcase> <!-- verify_Account_Registration -->
</testsuite> <!-- Linux-edge -->
